#
# A fatal error has been detected by the Java Runtime Environment:
#
#  SIGSEGV (0xb) at pc=0x00007fc8d3deede1, pid=12735, tid=0x00007fc922831700
#
# JRE version: Java(TM) SE Runtime Environment (8.0_131-b11) (build 1.8.0_131-b11)
# Java VM: Java HotSpot(TM) 64-Bit Server VM (25.131-b11 mixed mode linux-amd64 compressed oops)
# Problematic frame:
# C  [libglfw.so+0x10de1]
#
# Failed to write core dump. Core dumps have been disabled. To enable core dumping, try "ulimit -c unlimited" before starting Java again
#
# If you would like to submit a bug report, please visit:
#   http://bugreport.java.com/bugreport/crash.jsp
# The crash happened outside the Java Virtual Machine in native code.
# See problematic frame for where to report the bug.
#

---------------  T H R E A D  ---------------

Current thread (0x00007fc91c00e800):  JavaThread "main" [_thread_in_native, id=12737, stack(0x00007fc922731000,0x00007fc922832000)]

siginfo: si_signo: 11 (SIGSEGV), si_code: 1 (SEGV_MAPERR), si_addr: 0x0000000000000000

Registers:
RAX=0x0000000000000000, RBX=0x00007fc8d3ffe560, RCX=0x0000000000000000, RDX=0x0000000000000000
RSP=0x00007fc922830390, RBP=0x00007fc91c458e20, RSI=0x00007fc91c000048, RDI=0x00000000ffffffff
R8 =0x00007fc91c51d8d0, R9 =0x0000000000000000, R10=0x00007fc91c4367e0, R11=0x00007fc8d3adc0a0
R12=0x00007fc9228304d0, R13=0x00007fc9228303c0, R14=0x00007fc922830490, R15=0x00007fc9228303c0
RIP=0x00007fc8d3deede1, EFLAGS=0x0000000000010206, CSGSFS=0x0000000000000033, ERR=0x0000000000000004
  TRAPNO=0x000000000000000e

Top of Stack: (sp=0x00007fc922830390)
0x00007fc922830390:   00007fc91c4610a0 00007fc922830510
0x00007fc9228303a0:   0300013e74696e69 0000001801562928
0x00007fc9228303b0:   0000000000000000 00007fc91c441630
0x00007fc9228303c0:   0000000000000154 0000000000000140
0x00007fc9228303d0:   0000000000000000 0000000000000000
0x00007fc9228303e0:   0000006e0000005c 0000000000000000
0x00007fc9228303f0:   0000000000000000 0000007c00000077
0x00007fc922830400:   00007fc900000018 000000000063807f
0x00007fc922830410:   00007fc921ba6790 00007fc91c40d810
0x00007fc922830420:   0000000005800008 00007fc91c459180
0x00007fc922830430:   00007fc922831a60 0000000000030001
0x00007fc922830440:   0000000000000000 00007fc91c458e20
0x00007fc922830450:   0000000000000000 0000000000000000
0x00007fc922830460:   00007fc91c458e20 000000000000012c
0x00007fc922830470:   0000000000000000 00007fc922830490
0x00007fc922830480:   000000000000012c 00007fc8d3de8320
0x00007fc922830490:   0003600100030001 0000000000000001
0x00007fc9228304a0:   0000000000000000 0000000000000000
0x00007fc9228304b0:   0000000000000000 0000000000000000
0x00007fc9228304c0:   0000000000000000 00007fc922830500
0x00007fc9228304d0:   0000012c0000012c 0000000000000000
0x00007fc9228304e0:   0000000000000001 0000000100000001
0x00007fc9228304f0:   0000000000000001 0000000000000000
0x00007fc922830500:   0000000000000001 00007fc91c00e800
0x00007fc922830510:   0000000800000008 0000000800000008
0x00007fc922830520:   0000000800000018 0000000000000000
0x00007fc922830530:   0000000000000000 0000000000000000
0x00007fc922830540:   0000000000000000 0000000000000001
0x00007fc922830550:   0000000000000000 00007fc91c00d490
0x00007fc922830560:   00007fc9228305a0 00007fc90768f838
0x00007fc922830570:   00007fc922830638 0000000000000000
0x00007fc922830580:   00007fc90768f838 00007fc9228306a0 

Instructions: (pc=0x00007fc8d3deede1)
0x00007fc8d3deedc1:   0c 24 48 89 cf e8 65 3b ff ff 41 8b 54 24 04 41
0x00007fc8d3deedd1:   8b 34 24 48 89 ef e8 f4 de ff ff 49 8b 44 24 08
0x00007fc8d3deede1:   80 38 00 0f 85 c6 02 00 00 48 8b 93 80 0c 00 00
0x00007fc8d3deedf1:   48 8b b5 38 03 00 00 45 31 c9 48 8b bb 70 06 00 

Register to memory mapping:

RAX=0x0000000000000000 is an unknown value
RBX=0x00007fc8d3ffe560: <offset 0x220560> in /tmp/lwjglalex/3.1.2-build-29/libglfw.so at 0x00007fc8d3dde000
RCX=0x0000000000000000 is an unknown value
RDX=0x0000000000000000 is an unknown value
RSP=0x00007fc922830390 is pointing into the stack for thread: 0x00007fc91c00e800
RBP=0x00007fc91c458e20 is an unknown value
RSI=0x00007fc91c000048 is an unknown value
RDI=0x00000000ffffffff is an unallocated location in the heap
R8 =0x00007fc91c51d8d0 is an unknown value
R9 =0x0000000000000000 is an unknown value
R10=0x00007fc91c4367e0 is an unknown value
R11=0x00007fc8d3adc0a0: XSetWMNormalHints+0 in /usr/lib/x86_64-linux-gnu/libX11.so.6 at 0x00007fc8d3aa4000
R12=0x00007fc9228304d0 is pointing into the stack for thread: 0x00007fc91c00e800
R13=0x00007fc9228303c0 is pointing into the stack for thread: 0x00007fc91c00e800
R14=0x00007fc922830490 is pointing into the stack for thread: 0x00007fc91c00e800
R15=0x00007fc9228303c0 is pointing into the stack for thread: 0x00007fc91c00e800


Stack: [0x00007fc922731000,0x00007fc922832000],  sp=0x00007fc922830390,  free space=1020k
Native frames: (J=compiled Java code, j=interpreted, Vv=VM code, C=native code)
C  [libglfw.so+0x10de1]

Java frames: (J=compiled Java code, j=interpreted, Vv=VM code)
j  org.lwjgl.system.JNI.invokePPPP(JIIJJJ)J+0
j  org.lwjgl.glfw.GLFW.nglfwCreateWindow(IIJJJ)J+14
j  org.lwjgl.glfw.GLFW.glfwCreateWindow(IILjava/nio/ByteBuffer;JJ)J+22
j  com.alexdovzhanyn.game.Window.<init>(IILjava/nio/ByteBuffer;)V+51
j  com.alexdovzhanyn.game.Main.init()V+19
j  com.alexdovzhanyn.game.Main.run()V+30
j  com.alexdovzhanyn.game.Main.main([Ljava/lang/String;)V+7
v  ~StubRoutines::call_stub

---------------  P R O C E S S  ---------------

Java Threads: ( => current thread )
  0x00007fc91c0c5800 JavaThread "Service Thread" daemon [_thread_blocked, id=12754, stack(0x00007fc9055d0000,0x00007fc9056d1000)]
  0x00007fc91c0c2000 JavaThread "C1 CompilerThread2" daemon [_thread_blocked, id=12753, stack(0x00007fc9056d1000,0x00007fc9057d2000)]
  0x00007fc91c0c0800 JavaThread "C2 CompilerThread1" daemon [_thread_blocked, id=12752, stack(0x00007fc9057d2000,0x00007fc9058d3000)]
  0x00007fc91c0bd800 JavaThread "C2 CompilerThread0" daemon [_thread_blocked, id=12751, stack(0x00007fc9058d3000,0x00007fc9059d4000)]
  0x00007fc91c0bc000 JavaThread "Signal Dispatcher" daemon [_thread_blocked, id=12750, stack(0x00007fc9059d4000,0x00007fc905ad5000)]
  0x00007fc91c088800 JavaThread "Finalizer" daemon [_thread_blocked, id=12749, stack(0x00007fc905dad000,0x00007fc905eae000)]
  0x00007fc91c084000 JavaThread "Reference Handler" daemon [_thread_blocked, id=12748, stack(0x00007fc905eae000,0x00007fc905faf000)]
=>0x00007fc91c00e800 JavaThread "main" [_thread_in_native, id=12737, stack(0x00007fc922731000,0x00007fc922832000)]

Other Threads:
  0x00007fc91c07c800 VMThread [stack: 0x00007fc905faf000,0x00007fc9060b0000] [id=12747]
  0x00007fc91c0c8800 WatcherThread [stack: 0x00007fc9054cf000,0x00007fc9055d0000] [id=12755]

VM state:not at safepoint (normal execution)

VM Mutex/Monitor currently owned by a thread: None

Heap:
 PSYoungGen      total 35840K, used 6781K [0x00000000d8100000, 0x00000000da900000, 0x0000000100000000)
  eden space 30720K, 22% used [0x00000000d8100000,0x00000000d879f6d0,0x00000000d9f00000)
  from space 5120K, 0% used [0x00000000da400000,0x00000000da400000,0x00000000da900000)
  to   space 5120K, 0% used [0x00000000d9f00000,0x00000000d9f00000,0x00000000da400000)
 ParOldGen       total 81920K, used 0K [0x0000000088200000, 0x000000008d200000, 0x00000000d8100000)
  object space 81920K, 0% used [0x0000000088200000,0x0000000088200000,0x000000008d200000)
 Metaspace       used 5310K, capacity 5518K, committed 5760K, reserved 1056768K
  class space    used 580K, capacity 639K, committed 640K, reserved 1048576K

Card table byte_map: [0x00007fc90c02e000,0x00007fc90c3ee000] byte_map_base: 0x00007fc90bbed000

Marking Bits: (ParMarkBitMap*) 0x00007fc921c0af60
 Begin Bits: [0x00007fc907dba000, 0x00007fc909bb2000)
 End Bits:   [0x00007fc909bb2000, 0x00007fc90b9aa000)

Polling page: 0x00007fc92285b000

CodeCache: size=245760Kb used=2138Kb max_used=2138Kb free=243621Kb
 bounds [0x00007fc90c7ae000, 0x00007fc90ca1e000, 0x00007fc91b7ae000]
 total_blobs=1092 nmethods=424 adapters=582
 compilation: enabled

Compilation events (10 events):
Event: 0.391 Thread 0x00007fc91c0c2000  418       3       java.lang.reflect.Field::getFieldAccessor (35 bytes)
Event: 0.391 Thread 0x00007fc91c0c2000 nmethod 418 0x00007fc90c993610 code [0x00007fc90c993780, 0x00007fc90c9939c8]
Event: 0.392 Thread 0x00007fc91c0c2000  419       1       java.security.CodeSource::getLocation (5 bytes)
Event: 0.392 Thread 0x00007fc91c0c2000 nmethod 419 0x00007fc90c993a50 code [0x00007fc90c993ba0, 0x00007fc90c993cb0]
Event: 0.393 Thread 0x00007fc91c0c2000  421       3       org.lwjgl.system.MemoryAccess$MemoryAccessorUnsafe::access$200 (4 bytes)
Event: 0.394 Thread 0x00007fc91c0c2000 nmethod 421 0x00007fc90c994090 code [0x00007fc90c9941e0, 0x00007fc90c994310]
Event: 0.395 Thread 0x00007fc91c0c2000  422       1       org.lwjgl.system.MemoryAccess$MemoryAccessorUnsafe::access$200 (4 bytes)
Event: 0.395 Thread 0x00007fc91c0c2000 nmethod 422 0x00007fc90c994390 code [0x00007fc90c9944e0, 0x00007fc90c9945d0]
Event: 0.395 Thread 0x00007fc91c0c2000  423       3       java.nio.Bits::byteOrder (20 bytes)
Event: 0.395 Thread 0x00007fc91c0c2000 nmethod 423 0x00007fc90c994650 code [0x00007fc90c9947c0, 0x00007fc90c994910]

GC Heap History (0 events):
No events

Deoptimization events (1 events):
Event: 0.117 Thread 0x00007fc91c00e800 Uncommon trap: reason=unstable_if action=reinterpret pc=0x00007fc90c8bcfdc method=java.lang.String.hashCode()I @ 14

Internal exceptions (9 events):
Event: 0.038 Thread 0x00007fc91c00e800 Exception <a 'java/lang/NoSuchMethodError': Method sun.misc.Unsafe.defineClass(Ljava/lang/String;[BII)Ljava/lang/Class; name or signature does not match> (0x00000000d8107ca8) thrown at [/HUDSON/workspace/8-2-build-linux-amd64/jdk8u131/8869/hotspot/src/sha
Event: 0.038 Thread 0x00007fc91c00e800 Exception <a 'java/lang/NoSuchMethodError': Method sun.misc.Unsafe.prefetchRead(Ljava/lang/Object;J)V name or signature does not match> (0x00000000d8107f90) thrown at [/HUDSON/workspace/8-2-build-linux-amd64/jdk8u131/8869/hotspot/src/share/vm/prims/jni.cp
Event: 0.172 Thread 0x00007fc91c00e800 Exception <a 'java/lang/NoSuchMethodError': java.lang.Object.lambda$static$0(Ljava/lang/String;)Ljava/lang/Boolean;> (0x00000000d82e7c28) thrown at [/HUDSON/workspace/8-2-build-linux-amd64/jdk8u131/8869/hotspot/src/share/vm/interpreter/linkResolver.cpp, l
Event: 0.198 Thread 0x00007fc91c00e800 Exception <a 'java/lang/NoSuchFieldError': method resolution failed> (0x00000000d835fa60) thrown at [/HUDSON/workspace/8-2-build-linux-amd64/jdk8u131/8869/hotspot/src/share/vm/prims/methodHandles.cpp, line 1146]
Event: 0.203 Thread 0x00007fc91c00e800 Exception <a 'java/lang/NoSuchFieldError': method resolution failed> (0x00000000d836ce18) thrown at [/HUDSON/workspace/8-2-build-linux-amd64/jdk8u131/8869/hotspot/src/share/vm/prims/methodHandles.cpp, line 1146]
Event: 0.236 Thread 0x00007fc91c00e800 Exception <a 'java/security/PrivilegedActionException'> (0x00000000d83fdc60) thrown at [/HUDSON/workspace/8-2-build-linux-amd64/jdk8u131/8869/hotspot/src/share/vm/prims/jvm.cpp, line 1390]
Event: 0.236 Thread 0x00007fc91c00e800 Exception <a 'java/security/PrivilegedActionException'> (0x00000000d83fde70) thrown at [/HUDSON/workspace/8-2-build-linux-amd64/jdk8u131/8869/hotspot/src/share/vm/prims/jvm.cpp, line 1390]
Event: 0.236 Thread 0x00007fc91c00e800 Exception <a 'java/security/PrivilegedActionException'> (0x00000000d8400318) thrown at [/HUDSON/workspace/8-2-build-linux-amd64/jdk8u131/8869/hotspot/src/share/vm/prims/jvm.cpp, line 1390]
Event: 0.237 Thread 0x00007fc91c00e800 Exception <a 'java/security/PrivilegedActionException'> (0x00000000d8400528) thrown at [/HUDSON/workspace/8-2-build-linux-amd64/jdk8u131/8869/hotspot/src/share/vm/prims/jvm.cpp, line 1390]

Events (10 events):
Event: 0.382 loading class org/lwjgl/glfw/GLFWImage$Buffer
Event: 0.382 loading class org/lwjgl/glfw/GLFWImage$Buffer done
Event: 0.389 loading class sun/reflect/UnsafeQualifiedStaticIntegerFieldAccessorImpl
Event: 0.389 loading class sun/reflect/UnsafeQualifiedStaticIntegerFieldAccessorImpl done
Event: 0.391 loading class org/lwjgl/glfw/GLFW$Functions
Event: 0.391 loading class org/lwjgl/glfw/GLFW$Functions done
Event: 0.395 loading class org/lwjgl/system/JNI
Event: 0.395 loading class org/lwjgl/system/JNI done
Event: 0.422 loading class org/lwjgl/glfw/EventLoop$OffScreen
Event: 0.422 loading class org/lwjgl/glfw/EventLoop$OffScreen done


Dynamic libraries:
00400000-00401000 r-xp 00000000 08:01 6818474                            /usr/lib/jvm/java-8-oracle/bin/java
00600000-00601000 rw-p 00000000 08:01 6818474                            /usr/lib/jvm/java-8-oracle/bin/java
019ef000-01a10000 rw-p 00000000 00:00 0                                  [heap]
88200000-8d200000 rw-p 00000000 00:00 0 
8d200000-d8100000 ---p 00000000 00:00 0 
d8100000-da900000 rw-p 00000000 00:00 0 
da900000-100000000 ---p 00000000 00:00 0 
100000000-1000a0000 rw-p 00000000 00:00 0 
1000a0000-140000000 ---p 00000000 00:00 0 
7fc8caf51000-7fc8caf6a000 r-xp 00000000 08:01 13107205                   /lib/x86_64-linux-gnu/libz.so.1.2.8
7fc8caf6a000-7fc8cb169000 ---p 00019000 08:01 13107205                   /lib/x86_64-linux-gnu/libz.so.1.2.8
7fc8cb169000-7fc8cb16a000 r--p 00018000 08:01 13107205                   /lib/x86_64-linux-gnu/libz.so.1.2.8
7fc8cb16a000-7fc8cb16b000 rw-p 00019000 08:01 13107205                   /lib/x86_64-linux-gnu/libz.so.1.2.8
7fc8cb16b000-7fc8cb173000 r-xp 00000000 08:01 795488                     /usr/lib/x86_64-linux-gnu/libpciaccess.so.0.11.1
7fc8cb173000-7fc8cb373000 ---p 00008000 08:01 795488                     /usr/lib/x86_64-linux-gnu/libpciaccess.so.0.11.1
7fc8cb373000-7fc8cb374000 r--p 00008000 08:01 795488                     /usr/lib/x86_64-linux-gnu/libpciaccess.so.0.11.1
7fc8cb374000-7fc8cb375000 rw-p 00009000 08:01 795488                     /usr/lib/x86_64-linux-gnu/libpciaccess.so.0.11.1
7fc8cb375000-7fc8cb387000 r-xp 00000000 08:01 13111756                   /lib/x86_64-linux-gnu/libgpg-error.so.0.17.0
7fc8cb387000-7fc8cb587000 ---p 00012000 08:01 13111756                   /lib/x86_64-linux-gnu/libgpg-error.so.0.17.0
7fc8cb587000-7fc8cb588000 r--p 00012000 08:01 13111756                   /lib/x86_64-linux-gnu/libgpg-error.so.0.17.0
7fc8cb588000-7fc8cb589000 rw-p 00013000 08:01 13111756                   /lib/x86_64-linux-gnu/libgpg-error.so.0.17.0
7fc8cb589000-7fc8cb6fb000 r-xp 00000000 08:01 788677                     /usr/lib/x86_64-linux-gnu/libstdc++.so.6.0.21
7fc8cb6fb000-7fc8cb8fb000 ---p 00172000 08:01 788677                     /usr/lib/x86_64-linux-gnu/libstdc++.so.6.0.21
7fc8cb8fb000-7fc8cb905000 r--p 00172000 08:01 788677                     /usr/lib/x86_64-linux-gnu/libstdc++.so.6.0.21
7fc8cb905000-7fc8cb907000 rw-p 0017c000 08:01 788677                     /usr/lib/x86_64-linux-gnu/libstdc++.so.6.0.21
7fc8cb907000-7fc8cb90b000 rw-p 00000000 00:00 0 
7fc8cb90b000-7fc8cb916000 r-xp 00000000 08:01 786605                     /usr/lib/x86_64-linux-gnu/libdrm_radeon.so.1.0.1
7fc8cb916000-7fc8cbb15000 ---p 0000b000 08:01 786605                     /usr/lib/x86_64-linux-gnu/libdrm_radeon.so.1.0.1
7fc8cbb15000-7fc8cbb16000 r--p 0000a000 08:01 786605                     /usr/lib/x86_64-linux-gnu/libdrm_radeon.so.1.0.1
7fc8cbb16000-7fc8cbb17000 rw-p 0000b000 08:01 786605                     /usr/lib/x86_64-linux-gnu/libdrm_radeon.so.1.0.1
7fc8cbb17000-7fc8cbb1e000 r-xp 00000000 08:01 788849                     /usr/lib/x86_64-linux-gnu/libdrm_nouveau.so.2.0.0
7fc8cbb1e000-7fc8cbd1d000 ---p 00007000 08:01 788849                     /usr/lib/x86_64-linux-gnu/libdrm_nouveau.so.2.0.0
7fc8cbd1d000-7fc8cbd1e000 r--p 00006000 08:01 788849                     /usr/lib/x86_64-linux-gnu/libdrm_nouveau.so.2.0.0
7fc8cbd1e000-7fc8cbd1f000 rw-p 00007000 08:01 788849                     /usr/lib/x86_64-linux-gnu/libdrm_nouveau.so.2.0.0
7fc8cbd1f000-7fc8cbdf7000 r-xp 00000000 08:01 13117283                   /lib/x86_64-linux-gnu/libgcrypt.so.20.0.5
7fc8cbdf7000-7fc8cbff6000 ---p 000d8000 08:01 13117283                   /lib/x86_64-linux-gnu/libgcrypt.so.20.0.5
7fc8cbff6000-7fc8cbff7000 r--p 000d7000 08:01 13117283                   /lib/x86_64-linux-gnu/libgcrypt.so.20.0.5
7fc8cbff7000-7fc8cbfff000 rw-p 000d8000 08:01 13117283                   /lib/x86_64-linux-gnu/libgcrypt.so.20.0.5
7fc8cbfff000-7fc8cc000000 rw-p 00000000 00:00 0 
7fc8cc000000-7fc8cc021000 rw-p 00000000 00:00 0 
7fc8cc021000-7fc8d0000000 ---p 00000000 00:00 0 
7fc8d004a000-7fc8d006a000 r-xp 00000000 08:01 786452                     /usr/lib/x86_64-linux-gnu/libdrm_intel.so.1.0.0
7fc8d006a000-7fc8d0269000 ---p 00020000 08:01 786452                     /usr/lib/x86_64-linux-gnu/libdrm_intel.so.1.0.0
7fc8d0269000-7fc8d026a000 r--p 0001f000 08:01 786452                     /usr/lib/x86_64-linux-gnu/libdrm_intel.so.1.0.0
7fc8d026a000-7fc8d026b000 rw-p 00020000 08:01 786452                     /usr/lib/x86_64-linux-gnu/libdrm_intel.so.1.0.0
7fc8d026b000-7fc8d08cb000 r-xp 00000000 08:01 1049937                    /usr/lib/x86_64-linux-gnu/dri/i965_dri.so
7fc8d08cb000-7fc8d0acb000 ---p 00660000 08:01 1049937                    /usr/lib/x86_64-linux-gnu/dri/i965_dri.so
7fc8d0acb000-7fc8d0b0a000 r--p 00660000 08:01 1049937                    /usr/lib/x86_64-linux-gnu/dri/i965_dri.so
7fc8d0b0a000-7fc8d0b12000 rw-p 0069f000 08:01 1049937                    /usr/lib/x86_64-linux-gnu/dri/i965_dri.so
7fc8d0b12000-7fc8d0b1a000 rw-p 00000000 00:00 0 
7fc8d0b1a000-7fc8d0b28000 r-xp 00000000 08:01 788744                     /usr/lib/x86_64-linux-gnu/libdrm.so.2.4.0
7fc8d0b28000-7fc8d0d27000 ---p 0000e000 08:01 788744                     /usr/lib/x86_64-linux-gnu/libdrm.so.2.4.0
7fc8d0d27000-7fc8d0d28000 r--p 0000d000 08:01 788744                     /usr/lib/x86_64-linux-gnu/libdrm.so.2.4.0
7fc8d0d28000-7fc8d0d29000 rw-p 0000e000 08:01 788744                     /usr/lib/x86_64-linux-gnu/libdrm.so.2.4.0
7fc8d0d29000-7fc8d0d2d000 r-xp 00000000 08:01 795887                     /usr/lib/x86_64-linux-gnu/libxcb-dri2.so.0.0.0
7fc8d0d2d000-7fc8d0f2c000 ---p 00004000 08:01 795887                     /usr/lib/x86_64-linux-gnu/libxcb-dri2.so.0.0.0
7fc8d0f2c000-7fc8d0f2d000 r--p 00003000 08:01 795887                     /usr/lib/x86_64-linux-gnu/libxcb-dri2.so.0.0.0
7fc8d0f2d000-7fc8d0f2e000 rw-p 00004000 08:01 795887                     /usr/lib/x86_64-linux-gnu/libxcb-dri2.so.0.0.0
7fc8d0f2e000-7fc8d0f45000 r-xp 00000000 08:01 795891                     /usr/lib/x86_64-linux-gnu/libxcb-glx.so.0.0.0
7fc8d0f45000-7fc8d1144000 ---p 00017000 08:01 795891                     /usr/lib/x86_64-linux-gnu/libxcb-glx.so.0.0.0
7fc8d1144000-7fc8d1146000 r--p 00016000 08:01 795891                     /usr/lib/x86_64-linux-gnu/libxcb-glx.so.0.0.0
7fc8d1146000-7fc8d1147000 rw-p 00018000 08:01 795891                     /usr/lib/x86_64-linux-gnu/libxcb-glx.so.0.0.0
7fc8d1147000-7fc8d1149000 r-xp 00000000 08:01 794550                     /usr/lib/x86_64-linux-gnu/libXdamage.so.1.1.0
7fc8d1149000-7fc8d1348000 ---p 00002000 08:01 794550                     /usr/lib/x86_64-linux-gnu/libXdamage.so.1.1.0
7fc8d1348000-7fc8d1349000 r--p 00001000 08:01 794550                     /usr/lib/x86_64-linux-gnu/libXdamage.so.1.1.0
7fc8d1349000-7fc8d134a000 rw-p 00002000 08:01 794550                     /usr/lib/x86_64-linux-gnu/libXdamage.so.1.1.0
7fc8d134a000-7fc8d1373000 r-xp 00000000 08:01 796339                     /usr/lib/x86_64-linux-gnu/libglapi.so.0.0.0
7fc8d1373000-7fc8d1573000 ---p 00029000 08:01 796339                     /usr/lib/x86_64-linux-gnu/libglapi.so.0.0.0
7fc8d1573000-7fc8d1577000 r--p 00029000 08:01 796339                     /usr/lib/x86_64-linux-gnu/libglapi.so.0.0.0
7fc8d1577000-7fc8d1578000 rw-p 0002d000 08:01 796339                     /usr/lib/x86_64-linux-gnu/libglapi.so.0.0.0
7fc8d1578000-7fc8d1579000 rw-p 00000000 00:00 0 
7fc8d1579000-7fc8d157a000 r-xp 00000000 08:01 795931                     /usr/lib/x86_64-linux-gnu/libxshmfence.so.1.0.0
7fc8d157a000-7fc8d177a000 ---p 00001000 08:01 795931                     /usr/lib/x86_64-linux-gnu/libxshmfence.so.1.0.0
7fc8d177a000-7fc8d177b000 r--p 00001000 08:01 795931                     /usr/lib/x86_64-linux-gnu/libxshmfence.so.1.0.0
7fc8d177b000-7fc8d177c000 rw-p 00002000 08:01 795931                     /usr/lib/x86_64-linux-gnu/libxshmfence.so.1.0.0
7fc8d177c000-7fc8d1781000 r-xp 00000000 08:01 795911                     /usr/lib/x86_64-linux-gnu/libxcb-sync.so.1.0.0
7fc8d1781000-7fc8d1981000 ---p 00005000 08:01 795911                     /usr/lib/x86_64-linux-gnu/libxcb-sync.so.1.0.0
7fc8d1981000-7fc8d1982000 r--p 00005000 08:01 795911                     /usr/lib/x86_64-linux-gnu/libxcb-sync.so.1.0.0
7fc8d1982000-7fc8d1983000 rw-p 00006000 08:01 795911                     /usr/lib/x86_64-linux-gnu/libxcb-sync.so.1.0.0
7fc8d1983000-7fc8d1985000 r-xp 00000000 08:01 795899                     /usr/lib/x86_64-linux-gnu/libxcb-present.so.0.0.0
7fc8d1985000-7fc8d1b84000 ---p 00002000 08:01 795899                     /usr/lib/x86_64-linux-gnu/libxcb-present.so.0.0.0
7fc8d1b84000-7fc8d1b85000 r--p 00001000 08:01 795899                     /usr/lib/x86_64-linux-gnu/libxcb-present.so.0.0.0
7fc8d1b85000-7fc8d1b86000 rw-p 00002000 08:01 795899                     /usr/lib/x86_64-linux-gnu/libxcb-present.so.0.0.0
7fc8d1b86000-7fc8d1b88000 r-xp 00000000 08:01 795889                     /usr/lib/x86_64-linux-gnu/libxcb-dri3.so.0.0.0
7fc8d1b88000-7fc8d1d87000 ---p 00002000 08:01 795889                     /usr/lib/x86_64-linux-gnu/libxcb-dri3.so.0.0.0
7fc8d1d87000-7fc8d1d88000 r--p 00001000 08:01 795889                     /usr/lib/x86_64-linux-gnu/libxcb-dri3.so.0.0.0
7fc8d1d88000-7fc8d1d89000 rw-p 00002000 08:01 795889                     /usr/lib/x86_64-linux-gnu/libxcb-dri3.so.0.0.0
7fc8d1d89000-7fc8d1daf000 r-xp 00000000 08:01 13107261                   /lib/x86_64-linux-gnu/libexpat.so.1.6.0
7fc8d1daf000-7fc8d1faf000 ---p 00026000 08:01 13107261                   /lib/x86_64-linux-gnu/libexpat.so.1.6.0
7fc8d1faf000-7fc8d1fb1000 r--p 00026000 08:01 13107261                   /lib/x86_64-linux-gnu/libexpat.so.1.6.0
7fc8d1fb1000-7fc8d1fb2000 rw-p 00028000 08:01 13107261                   /lib/x86_64-linux-gnu/libexpat.so.1.6.0
7fc8d1fb2000-7fc8d2022000 r-xp 00000000 08:01 1051723                    /usr/lib/x86_64-linux-gnu/mesa/libGL.so.1.2.0
7fc8d2022000-7fc8d2221000 ---p 00070000 08:01 1051723                    /usr/lib/x86_64-linux-gnu/mesa/libGL.so.1.2.0
7fc8d2221000-7fc8d2224000 r--p 0006f000 08:01 1051723                    /usr/lib/x86_64-linux-gnu/mesa/libGL.so.1.2.0
7fc8d2224000-7fc8d2225000 rw-p 00072000 08:01 1051723                    /usr/lib/x86_64-linux-gnu/mesa/libGL.so.1.2.0
7fc8d2225000-7fc8d2226000 rw-p 00000000 00:00 0 
7fc8d2226000-7fc8d2227000 r-xp 00000000 08:01 794535                     /usr/lib/x86_64-linux-gnu/libX11-xcb.so.1.0.0
7fc8d2227000-7fc8d2426000 ---p 00001000 08:01 794535                     /usr/lib/x86_64-linux-gnu/libX11-xcb.so.1.0.0
7fc8d2426000-7fc8d2427000 r--p 00000000 08:01 794535                     /usr/lib/x86_64-linux-gnu/libX11-xcb.so.1.0.0
7fc8d2427000-7fc8d2428000 rw-p 00001000 08:01 794535                     /usr/lib/x86_64-linux-gnu/libX11-xcb.so.1.0.0
7fc8d2428000-7fc8d2437000 r-xp 00000000 08:01 794562                     /usr/lib/x86_64-linux-gnu/libXi.so.6.1.0
7fc8d2437000-7fc8d2636000 ---p 0000f000 08:01 794562                     /usr/lib/x86_64-linux-gnu/libXi.so.6.1.0
7fc8d2636000-7fc8d2637000 r--p 0000e000 08:01 794562                     /usr/lib/x86_64-linux-gnu/libXi.so.6.1.0
7fc8d2637000-7fc8d2638000 rw-p 0000f000 08:01 794562                     /usr/lib/x86_64-linux-gnu/libXi.so.6.1.0
7fc8d2638000-7fc8d263d000 r-xp 00000000 08:01 794590                     /usr/lib/x86_64-linux-gnu/libXxf86vm.so.1.0.0
7fc8d263d000-7fc8d283c000 ---p 00005000 08:01 794590                     /usr/lib/x86_64-linux-gnu/libXxf86vm.so.1.0.0
7fc8d283c000-7fc8d283d000 r--p 00004000 08:01 794590                     /usr/lib/x86_64-linux-gnu/libXxf86vm.so.1.0.0
7fc8d283d000-7fc8d283e000 rw-p 00005000 08:01 794590                     /usr/lib/x86_64-linux-gnu/libXxf86vm.so.1.0.0
7fc8d283e000-7fc8d2843000 r-xp 00000000 08:01 794552                     /usr/lib/x86_64-linux-gnu/libXdmcp.so.6.0.0
7fc8d2843000-7fc8d2a42000 ---p 00005000 08:01 794552                     /usr/lib/x86_64-linux-gnu/libXdmcp.so.6.0.0
7fc8d2a42000-7fc8d2a43000 r--p 00004000 08:01 794552                     /usr/lib/x86_64-linux-gnu/libXdmcp.so.6.0.0
7fc8d2a43000-7fc8d2a44000 rw-p 00005000 08:01 794552                     /usr/lib/x86_64-linux-gnu/libXdmcp.so.6.0.0
7fc8d2a44000-7fc8d2a46000 r-xp 00000000 08:01 794541                     /usr/lib/x86_64-linux-gnu/libXau.so.6.0.0
7fc8d2a46000-7fc8d2c46000 ---p 00002000 08:01 794541                     /usr/lib/x86_64-linux-gnu/libXau.so.6.0.0
7fc8d2c46000-7fc8d2c47000 r--p 00002000 08:01 794541                     /usr/lib/x86_64-linux-gnu/libXau.so.6.0.0
7fc8d2c47000-7fc8d2c48000 rw-p 00003000 08:01 794541                     /usr/lib/x86_64-linux-gnu/libXau.so.6.0.0
7fc8d2c48000-7fc8d2c4d000 r-xp 00000000 08:01 794556                     /usr/lib/x86_64-linux-gnu/libXfixes.so.3.1.0
7fc8d2c4d000-7fc8d2e4c000 ---p 00005000 08:01 794556                     /usr/lib/x86_64-linux-gnu/libXfixes.so.3.1.0
7fc8d2e4c000-7fc8d2e4d000 r--p 00004000 08:01 794556                     /usr/lib/x86_64-linux-gnu/libXfixes.so.3.1.0
7fc8d2e4d000-7fc8d2e4e000 rw-p 00005000 08:01 794556                     /usr/lib/x86_64-linux-gnu/libXfixes.so.3.1.0
7fc8d2e4e000-7fc8d2e57000 r-xp 00000000 08:01 794574                     /usr/lib/x86_64-linux-gnu/libXrender.so.1.3.0
7fc8d2e57000-7fc8d3056000 ---p 00009000 08:01 794574                     /usr/lib/x86_64-linux-gnu/libXrender.so.1.3.0
7fc8d3056000-7fc8d3057000 r--p 00008000 08:01 794574                     /usr/lib/x86_64-linux-gnu/libXrender.so.1.3.0
7fc8d3057000-7fc8d3058000 rw-p 00009000 08:01 794574                     /usr/lib/x86_64-linux-gnu/libXrender.so.1.3.0
7fc8d3058000-7fc8d3069000 r-xp 00000000 08:01 794554                     /usr/lib/x86_64-linux-gnu/libXext.so.6.4.0
7fc8d3069000-7fc8d3268000 ---p 00011000 08:01 794554                     /usr/lib/x86_64-linux-gnu/libXext.so.6.4.0
7fc8d3268000-7fc8d3269000 r--p 00010000 08:01 794554                     /usr/lib/x86_64-linux-gnu/libXext.so.6.4.0
7fc8d3269000-7fc8d326a000 rw-p 00011000 08:01 794554                     /usr/lib/x86_64-linux-gnu/libXext.so.6.4.0
7fc8d326a000-7fc8d328b000 r-xp 00000000 08:01 795919                     /usr/lib/x86_64-linux-gnu/libxcb.so.1.1.0
7fc8d328b000-7fc8d348a000 ---p 00021000 08:01 795919                     /usr/lib/x86_64-linux-gnu/libxcb.so.1.1.0
7fc8d348a000-7fc8d348b000 r--p 00020000 08:01 795919                     /usr/lib/x86_64-linux-gnu/libxcb.so.1.1.0
7fc8d348b000-7fc8d348c000 rw-p 00021000 08:01 795919                     /usr/lib/x86_64-linux-gnu/libxcb.so.1.1.0
7fc8d348c000-7fc8d3495000 r-xp 00000000 08:01 794548                     /usr/lib/x86_64-linux-gnu/libXcursor.so.1.0.2
7fc8d3495000-7fc8d3694000 ---p 00009000 08:01 794548                     /usr/lib/x86_64-linux-gnu/libXcursor.so.1.0.2
7fc8d3694000-7fc8d3695000 r--p 00008000 08:01 794548                     /usr/lib/x86_64-linux-gnu/libXcursor.so.1.0.2
7fc8d3695000-7fc8d3696000 rw-p 00009000 08:01 794548                     /usr/lib/x86_64-linux-gnu/libXcursor.so.1.0.2
7fc8d3696000-7fc8d3698000 r-xp 00000000 08:01 794564                     /usr/lib/x86_64-linux-gnu/libXinerama.so.1.0.0
7fc8d3698000-7fc8d3897000 ---p 00002000 08:01 794564                     /usr/lib/x86_64-linux-gnu/libXinerama.so.1.0.0
7fc8d3897000-7fc8d3898000 r--p 00001000 08:01 794564                     /usr/lib/x86_64-linux-gnu/libXinerama.so.1.0.0
7fc8d3898000-7fc8d3899000 rw-p 00002000 08:01 794564                     /usr/lib/x86_64-linux-gnu/libXinerama.so.1.0.0
7fc8d3899000-7fc8d38a3000 r-xp 00000000 08:01 794572                     /usr/lib/x86_64-linux-gnu/libXrandr.so.2.2.0
7fc8d38a3000-7fc8d3aa2000 ---p 0000a000 08:01 794572                     /usr/lib/x86_64-linux-gnu/libXrandr.so.2.2.0
7fc8d3aa2000-7fc8d3aa3000 r--p 00009000 08:01 794572                     /usr/lib/x86_64-linux-gnu/libXrandr.so.2.2.0
7fc8d3aa3000-7fc8d3aa4000 rw-p 0000a000 08:01 794572                     /usr/lib/x86_64-linux-gnu/libXrandr.so.2.2.0
7fc8d3aa4000-7fc8d3bd9000 r-xp 00000000 08:01 794537                     /usr/lib/x86_64-linux-gnu/libX11.so.6.3.0
7fc8d3bd9000-7fc8d3dd9000 ---p 00135000 08:01 794537                     /usr/lib/x86_64-linux-gnu/libX11.so.6.3.0
7fc8d3dd9000-7fc8d3dda000 r--p 00135000 08:01 794537                     /usr/lib/x86_64-linux-gnu/libX11.so.6.3.0
7fc8d3dda000-7fc8d3dde000 rw-p 00136000 08:01 794537                     /usr/lib/x86_64-linux-gnu/libX11.so.6.3.0
7fc8d3dde000-7fc8d3dfe000 r-xp 00000000 08:01 12067058                   /tmp/lwjglalex/3.1.2-build-29/libglfw.so
7fc8d3dfe000-7fc8d3ffd000 ---p 00020000 08:01 12067058                   /tmp/lwjglalex/3.1.2-build-29/libglfw.so
7fc8d3ffd000-7fc8d3ffe000 r--p 0001f000 08:01 12067058                   /tmp/lwjglalex/3.1.2-build-29/libglfw.so
7fc8d3ffe000-7fc8d3fff000 rw-p 00020000 08:01 12067058                   /tmp/lwjglalex/3.1.2-build-29/libglfw.so
7fc8d3fff000-7fc8d4000000 rw-p 00000000 00:00 0 
7fc8d4000000-7fc8d4021000 rw-p 00000000 00:00 0 
7fc8d4021000-7fc8d8000000 ---p 00000000 00:00 0 
7fc8d8000000-7fc8d80ff000 rw-p 00000000 00:00 0 
7fc8d80ff000-7fc8dc000000 ---p 00000000 00:00 0 
7fc8dc000000-7fc8dc116000 rw-p 00000000 00:00 0 
7fc8dc116000-7fc8e0000000 ---p 00000000 00:00 0 
7fc8e0000000-7fc8e0021000 rw-p 00000000 00:00 0 
7fc8e0021000-7fc8e4000000 ---p 00000000 00:00 0 
7fc8e4000000-7fc8e4148000 rw-p 00000000 00:00 0 
7fc8e4148000-7fc8e8000000 ---p 00000000 00:00 0 
7fc8e8000000-7fc8e8021000 rw-p 00000000 00:00 0 
7fc8e8021000-7fc8ec000000 ---p 00000000 00:00 0 
7fc8ec000000-7fc8ec021000 rw-p 00000000 00:00 0 
7fc8ec021000-7fc8f0000000 ---p 00000000 00:00 0 
7fc8f0000000-7fc8f0021000 rw-p 00000000 00:00 0 
7fc8f0021000-7fc8f4000000 ---p 00000000 00:00 0 
7fc8f4000000-7fc8f4021000 rw-p 00000000 00:00 0 
7fc8f4021000-7fc8f8000000 ---p 00000000 00:00 0 
7fc8f8000000-7fc8f8021000 rw-p 00000000 00:00 0 
7fc8f8021000-7fc8fc000000 ---p 00000000 00:00 0 
7fc8fc000000-7fc8fc021000 rw-p 00000000 00:00 0 
7fc8fc021000-7fc900000000 ---p 00000000 00:00 0 
7fc900000000-7fc900021000 rw-p 00000000 00:00 0 
7fc900021000-7fc904000000 ---p 00000000 00:00 0 
7fc904200000-7fc904400000 rw-p 00000000 00:00 0 
7fc904590000-7fc9045ae000 r-xp 00000000 08:01 13107404                   /lib/x86_64-linux-gnu/libudev.so.1.6.4
7fc9045ae000-7fc9045af000 r--p 0001d000 08:01 13107404                   /lib/x86_64-linux-gnu/libudev.so.1.6.4
7fc9045af000-7fc9045b0000 rw-p 0001e000 08:01 13107404                   /lib/x86_64-linux-gnu/libudev.so.1.6.4
7fc9045d6000-7fc9045dd000 r--s 00000000 08:01 1058336                    /usr/lib/x86_64-linux-gnu/gconv/gconv-modules.cache
7fc9045dd000-7fc9045de000 r-xp 00000000 00:00 0 
7fc9045de000-7fc904619000 r-xp 00000000 08:01 12067057                   /tmp/lwjglalex/3.1.2-build-29/libjemalloc.so
7fc904619000-7fc904818000 ---p 0003b000 08:01 12067057                   /tmp/lwjglalex/3.1.2-build-29/libjemalloc.so
7fc904818000-7fc90481b000 r--p 0003a000 08:01 12067057                   /tmp/lwjglalex/3.1.2-build-29/libjemalloc.so
7fc90481b000-7fc90481c000 rw-p 0003d000 08:01 12067057                   /tmp/lwjglalex/3.1.2-build-29/libjemalloc.so
7fc90481c000-7fc90481d000 rw-p 00000000 00:00 0 
7fc90481d000-7fc90481f000 r--s 00007000 08:01 13381266                   /home/alex/apps/game/lwjgl-release-3.1.2-custom/lwjgl-yoga-sources.jar
7fc90481f000-7fc904820000 r--s 00028000 08:01 13381265                   /home/alex/apps/game/lwjgl-release-3.1.2-custom/lwjgl-yoga-natives-windows.jar
7fc904820000-7fc904821000 r--s 00009000 08:01 13381263                   /home/alex/apps/game/lwjgl-release-3.1.2-custom/lwjgl-yoga-natives-macos.jar
7fc904821000-7fc904822000 r--s 0000a000 08:01 13381262                   /home/alex/apps/game/lwjgl-release-3.1.2-custom/lwjgl-yoga-natives-linux.jar
7fc904822000-7fc904825000 r--s 00074000 08:01 13381267                   /home/alex/apps/game/lwjgl-release-3.1.2-custom/lwjgl-yoga-javadoc.jar
7fc904825000-7fc904827000 r--s 0000a000 08:01 13381269                   /home/alex/apps/game/lwjgl-release-3.1.2-custom/lwjgl-yoga.jar
7fc904827000-7fc904828000 r--s 00003000 08:01 13381255                   /home/alex/apps/game/lwjgl-release-3.1.2-custom/lwjgl-xxhash-sources.jar
7fc904828000-7fc904829000 r--s 00014000 08:01 13381258                   /home/alex/apps/game/lwjgl-release-3.1.2-custom/lwjgl-xxhash-natives-windows.jar
7fc904829000-7fc90482a000 r--s 00000000 08:01 13381254                   /home/alex/apps/game/lwjgl-release-3.1.2-custom/lwjgl-xxhash-natives-macos.jar
7fc90482a000-7fc90482b000 r--s 00001000 08:01 13381252                   /home/alex/apps/game/lwjgl-release-3.1.2-custom/lwjgl-xxhash-natives-linux.jar
7fc90482b000-7fc90482d000 r--s 00062000 08:01 13381253                   /home/alex/apps/game/lwjgl-release-3.1.2-custom/lwjgl-xxhash-javadoc.jar
7fc90482d000-7fc90482e000 r--s 00004000 08:01 13381259                   /home/alex/apps/game/lwjgl-release-3.1.2-custom/lwjgl-xxhash.jar
7fc90482e000-7fc904836000 r--s 00102000 08:01 13381257                   /home/alex/apps/game/lwjgl-release-3.1.2-custom/lwjgl-vulkan-sources.jar
7fc904836000-7fc904845000 r--s 00356000 08:01 13381264                   /home/alex/apps/game/lwjgl-release-3.1.2-custom/lwjgl-vulkan-javadoc.jar
7fc904845000-7fc904853000 r--s 000f3000 08:01 13381260                   /home/alex/apps/game/lwjgl-release-3.1.2-custom/lwjgl-vulkan.jar
7fc904853000-7fc904854000 r--s 00000000 08:01 13381250                   /home/alex/apps/game/lwjgl-release-3.1.2-custom/lwjgl-tinyfd-sources.jar
7fc904854000-7fc904855000 r--s 0002d000 08:01 13381246                   /home/alex/apps/game/lwjgl-release-3.1.2-custom/lwjgl-tinyfd-natives-windows.jar
7fc904855000-7fc904856000 r--s 00006000 08:01 13381248                   /home/alex/apps/game/lwjgl-release-3.1.2-custom/lwjgl-tinyfd-natives-macos.jar
7fc904856000-7fc904857000 r--s 00008000 08:01 13381247                   /home/alex/apps/game/lwjgl-release-3.1.2-custom/lwjgl-tinyfd-natives-linux.jar
7fc904857000-7fc904859000 r--s 00057000 08:01 13381244                   /home/alex/apps/game/lwjgl-release-3.1.2-custom/lwjgl-tinyfd-javadoc.jar
7fc904859000-7fc90485a000 r--s 00001000 08:01 13381249                   /home/alex/apps/game/lwjgl-release-3.1.2-custom/lwjgl-tinyfd.jar
7fc90485a000-7fc90485b000 r--s 00006000 08:01 13381231                   /home/alex/apps/game/lwjgl-release-3.1.2-custom/lwjgl-tinyexr-sources.jar
7fc90485b000-7fc90485c000 r--s 00044000 08:01 13381230                   /home/alex/apps/game/lwjgl-release-3.1.2-custom/lwjgl-tinyexr-natives-windows.jar
7fc90485c000-7fc90485d000 r--s 00010000 08:01 13381229                   /home/alex/apps/game/lwjgl-release-3.1.2-custom/lwjgl-tinyexr-natives-macos.jar
7fc90485d000-7fc90485e000 r--s 0000d000 08:01 13381228                   /home/alex/apps/game/lwjgl-release-3.1.2-custom/lwjgl-tinyexr-natives-linux.jar
7fc90485e000-7fc904860000 r--s 0006c000 08:01 13381226                   /home/alex/apps/game/lwjgl-release-3.1.2-custom/lwjgl-tinyexr-javadoc.jar
7fc904860000-7fc904861000 r--s 00009000 08:01 13381242                   /home/alex/apps/game/lwjgl-release-3.1.2-custom/lwjgl-tinyexr.jar
7fc904861000-7fc904863000 r--s 00012000 08:01 13381223                   /home/alex/apps/game/lwjgl-release-3.1.2-custom/lwjgl-stb-sources.jar
7fc904863000-7fc904864000 r--s 0006e000 08:01 13381225                   /home/alex/apps/game/lwjgl-release-3.1.2-custom/lwjgl-stb-natives-windows.jar
7fc904864000-7fc904865000 r--s 00028000 08:01 13381222                   /home/alex/apps/game/lwjgl-release-3.1.2-custom/lwjgl-stb-natives-macos.jar
7fc904865000-7fc904866000 r--s 0002d000 08:01 13381227                   /home/alex/apps/game/lwjgl-release-3.1.2-custom/lwjgl-stb-natives-linux.jar
7fc904866000-7fc904869000 r--s 0008f000 08:01 13381220                   /home/alex/apps/game/lwjgl-release-3.1.2-custom/lwjgl-stb-javadoc.jar
7fc904869000-7fc90486b000 r--s 00013000 08:01 13381224                   /home/alex/apps/game/lwjgl-release-3.1.2-custom/lwjgl-stb.jar
7fc90486b000-7fc90486c000 r--s 00000000 08:01 13381219                   /home/alex/apps/game/lwjgl-release-3.1.2-custom/lwjgl-sse-sources.jar
7fc90486c000-7fc90486d000 r--s 00013000 08:01 13381215                   /home/alex/apps/game/lwjgl-release-3.1.2-custom/lwjgl-sse-natives-windows.jar
7fc90486d000-7fc90486e000 r--s 00000000 08:01 13381221                   /home/alex/apps/game/lwjgl-release-3.1.2-custom/lwjgl-sse-natives-macos.jar
7fc90486e000-7fc90486f000 r--s 00000000 08:01 13381217                   /home/alex/apps/game/lwjgl-release-3.1.2-custom/lwjgl-sse-natives-linux.jar
7fc90486f000-7fc904871000 r--s 00058000 08:01 13381214                   /home/alex/apps/game/lwjgl-release-3.1.2-custom/lwjgl-sse-javadoc.jar
7fc904871000-7fc904872000 r--s 00000000 08:01 13381218                   /home/alex/apps/game/lwjgl-release-3.1.2-custom/lwjgl-sse.jar
7fc904872000-7fc904875000 r--s 00035000 08:01 13381280                   /home/alex/apps/game/lwjgl-release-3.1.2-custom/lwjgl-sources.jar
7fc904875000-7fc904876000 r--s 00001000 08:01 13381211                   /home/alex/apps/game/lwjgl-release-3.1.2-custom/lwjgl-par-sources.jar
7fc904876000-7fc904877000 r--s 00031000 08:01 13381212                   /home/alex/apps/game/lwjgl-release-3.1.2-custom/lwjgl-par-natives-windows.jar
7fc904877000-7fc904878000 r--s 00004000 08:01 13381208                   /home/alex/apps/game/lwjgl-release-3.1.2-custom/lwjgl-par-natives-macos.jar
7fc904878000-7fc904879000 r--s 00005000 08:01 13381207                   /home/alex/apps/game/lwjgl-release-3.1.2-custom/lwjgl-par-natives-linux.jar
7fc904879000-7fc90487b000 r--s 0005a000 08:01 13381206                   /home/alex/apps/game/lwjgl-release-3.1.2-custom/lwjgl-par-javadoc.jar
7fc90487b000-7fc90487d000 r--s 00001000 08:01 13381213                   /home/alex/apps/game/lwjgl-release-3.1.2-custom/lwjgl-par.jar
7fc90487d000-7fc90487f000 r--s 00021000 08:01 13381200                   /home/alex/apps/game/lwjgl-release-3.1.2-custom/lwjgl-ovr-sources.jar
7fc90487f000-7fc904880000 r--s 00021000 08:01 13381201                   /home/alex/apps/game/lwjgl-release-3.1.2-custom/lwjgl-ovr-natives-windows.jar
7fc904880000-7fc904884000 r--s 000ca000 08:01 13381202                   /home/alex/apps/game/lwjgl-release-3.1.2-custom/lwjgl-ovr-javadoc.jar
7fc904884000-7fc904887000 r--s 00025000 08:01 13381199                   /home/alex/apps/game/lwjgl-release-3.1.2-custom/lwjgl-ovr.jar
7fc904887000-7fc904889000 r--s 00036000 08:01 13381195                   /home/alex/apps/game/lwjgl-release-3.1.2-custom/lwjgl-openvr-sources.jar
7fc904889000-7fc90488a000 r--s 00057000 08:01 13381194                   /home/alex/apps/game/lwjgl-release-3.1.2-custom/lwjgl-openvr-natives-windows.jar
7fc90488a000-7fc90488b000 r--s 00015000 08:01 13381193                   /home/alex/apps/game/lwjgl-release-3.1.2-custom/lwjgl-openvr-natives-macos.jar
7fc90488b000-7fc90488d000 r--s 0001b000 08:01 13381192                   /home/alex/apps/game/lwjgl-release-3.1.2-custom/lwjgl-openvr-natives-linux.jar
7fc90488d000-7fc904892000 r--s 0011c000 08:01 13381188                   /home/alex/apps/game/lwjgl-release-3.1.2-custom/lwjgl-openvr-javadoc.jar
7fc904892000-7fc904896000 r--s 00046000 08:01 13381196                   /home/alex/apps/game/lwjgl-release-3.1.2-custom/lwjgl-openvr.jar
7fc904896000-7fc90489f000 r--s 000eb000 08:01 13381179                   /home/alex/apps/game/lwjgl-release-3.1.2-custom/lwjgl-opengl-sources.jar
7fc90489f000-7fc9048a1000 r--s 00029000 08:01 13381178                   /home/alex/apps/game/lwjgl-release-3.1.2-custom/lwjgl-opengl-natives-windows.jar
7fc9048a1000-7fc9048a2000 r--s 0000a000 08:01 13381181                   /home/alex/apps/game/lwjgl-release-3.1.2-custom/lwjgl-opengl-natives-macos.jar
7fc9048a2000-7fc9048a3000 r--s 00015000 08:01 13381180                   /home/alex/apps/game/lwjgl-release-3.1.2-custom/lwjgl-opengl-natives-linux.jar
7fc9048a3000-7fc9048ae000 r--s 002ad000 08:01 13381186                   /home/alex/apps/game/lwjgl-release-3.1.2-custom/lwjgl-opengl-javadoc.jar
7fc9048ae000-7fc9048b4000 r--s 00051000 08:01 13381189                   /home/alex/apps/game/lwjgl-release-3.1.2-custom/lwjgl-opengles-sources.jar
7fc9048b4000-7fc9048b6000 r--s 0001b000 08:01 13381187                   /home/alex/apps/game/lwjgl-release-3.1.2-custom/lwjgl-opengles-natives-windows.jar
7fc9048b6000-7fc9048b7000 r--s 00003000 08:01 13381185                   /home/alex/apps/game/lwjgl-release-3.1.2-custom/lwjgl-opengles-natives-macos.jar
7fc9048b7000-7fc9048b8000 r--s 00007000 08:01 13381184                   /home/alex/apps/game/lwjgl-release-3.1.2-custom/lwjgl-opengles-natives-linux.jar
7fc9048b8000-7fc9048be000 r--s 0014c000 08:01 13381183                   /home/alex/apps/game/lwjgl-release-3.1.2-custom/lwjgl-opengles-javadoc.jar
7fc9048be000-7fc9048c4000 r--s 00044000 08:01 13381191                   /home/alex/apps/game/lwjgl-release-3.1.2-custom/lwjgl-opengles.jar
7fc9048c4000-7fc9048ce000 r--s 000ac000 08:01 13381182                   /home/alex/apps/game/lwjgl-release-3.1.2-custom/lwjgl-opengl.jar
7fc9048ce000-7fc9048d1000 r--s 00031000 08:01 13381177                   /home/alex/apps/game/lwjgl-release-3.1.2-custom/lwjgl-opencl-sources.jar
7fc9048d1000-7fc9048d5000 r--s 000ce000 08:01 13381174                   /home/alex/apps/game/lwjgl-release-3.1.2-custom/lwjgl-opencl-javadoc.jar
7fc9048d5000-7fc9048d8000 r--s 00023000 08:01 13381176                   /home/alex/apps/game/lwjgl-release-3.1.2-custom/lwjgl-opencl.jar
7fc9048d8000-7fc9048da000 r--s 00010000 08:01 13381169                   /home/alex/apps/game/lwjgl-release-3.1.2-custom/lwjgl-openal-sources.jar
7fc9048da000-7fc9048f0000 r-xp 00000000 08:01 13111750                   /lib/x86_64-linux-gnu/libgcc_s.so.1
7fc9048f0000-7fc904aef000 ---p 00016000 08:01 13111750                   /lib/x86_64-linux-gnu/libgcc_s.so.1
7fc904aef000-7fc904af0000 rw-p 00015000 08:01 13111750                   /lib/x86_64-linux-gnu/libgcc_s.so.1
7fc904af0000-7fc904af2000 r--s 00102000 08:01 13381168                   /home/alex/apps/game/lwjgl-release-3.1.2-custom/lwjgl-openal-natives-windows.jar
7fc904af2000-7fc904af3000 r--s 00063000 08:01 13381166                   /home/alex/apps/game/lwjgl-release-3.1.2-custom/lwjgl-openal-natives-macos.jar
7fc904af3000-7fc904af4000 r--s 00077000 08:01 13381165                   /home/alex/apps/game/lwjgl-release-3.1.2-custom/lwjgl-openal-natives-linux.jar
7fc904af4000-7fc904af7000 r--s 0008d000 08:01 13381173                   /home/alex/apps/game/lwjgl-release-3.1.2-custom/lwjgl-openal-javadoc.jar
7fc904af7000-7fc904afa000 r--s 00010000 08:01 13381172                   /home/alex/apps/game/lwjgl-release-3.1.2-custom/lwjgl-openal.jar
7fc904afa000-7fc904afd000 r--s 0003a000 08:01 13381160                   /home/alex/apps/game/lwjgl-release-3.1.2-custom/lwjgl-nuklear-sources.jar
7fc904afd000-7fc904afe000 r--s 00040000 08:01 13381161                   /home/alex/apps/game/lwjgl-release-3.1.2-custom/lwjgl-nuklear-natives-windows.jar
7fc904afe000-7fc904aff000 r--s 0002c000 08:01 13381163                   /home/alex/apps/game/lwjgl-release-3.1.2-custom/lwjgl-nuklear-natives-macos.jar
7fc904aff000-7fc904b00000 r--s 00021000 08:01 13381167                   /home/alex/apps/game/lwjgl-release-3.1.2-custom/lwjgl-nuklear-natives-linux.jar
7fc904b00000-7fc904b05000 r--s 00112000 08:01 13381159                   /home/alex/apps/game/lwjgl-release-3.1.2-custom/lwjgl-nuklear-javadoc.jar
7fc904b05000-7fc904b0b000 r--s 00054000 08:01 13381162                   /home/alex/apps/game/lwjgl-release-3.1.2-custom/lwjgl-nuklear.jar
7fc904b0b000-7fc904b0c000 r--s 00001000 08:01 13381149                   /home/alex/apps/game/lwjgl-release-3.1.2-custom/lwjgl-nfd-sources.jar
7fc904b0c000-7fc904b0d000 r--s 0001f000 08:01 13381153                   /home/alex/apps/game/lwjgl-release-3.1.2-custom/lwjgl-nfd-natives-windows.jar
7fc904b0d000-7fc904b0e000 r--s 00001000 08:01 13381155                   /home/alex/apps/game/lwjgl-release-3.1.2-custom/lwjgl-nfd-natives-macos.jar
7fc904b0e000-7fc904b0f000 r--s 00001000 08:01 13381145                   /home/alex/apps/game/lwjgl-release-3.1.2-custom/lwjgl-nfd-natives-linux.jar
7fc904b0f000-7fc904b12000 r--s 00059000 08:01 13381141                   /home/alex/apps/game/lwjgl-release-3.1.2-custom/lwjgl-nfd-javadoc.jar
7fc904b12000-7fc904b13000 r--s 00001000 08:01 13381151                   /home/alex/apps/game/lwjgl-release-3.1.2-custom/lwjgl-nfd.jar
7fc904b13000-7fc904b15000 r--s 00037000 08:01 13381279                   /home/alex/apps/game/lwjgl-release-3.1.2-custom/lwjgl-natives-windows.jar
7fc904b15000-7fc904b16000 r--s 00008000 08:01 13381282                   /home/alex/apps/game/lwjgl-release-3.1.2-custom/lwjgl-natives-macos.jar
7fc904b16000-7fc904b66000 r-xp 00000000 08:01 12067055                   /tmp/lwjglalex/3.1.2-build-29/liblwjgl.so
7fc904b66000-7fc904d65000 ---p 00050000 08:01 12067055                   /tmp/lwjglalex/3.1.2-build-29/liblwjgl.so
7fc904d65000-7fc904d66000 r--p 0004f000 08:01 12067055                   /tmp/lwjglalex/3.1.2-build-29/liblwjgl.so
7fc904d66000-7fc904d67000 rw-p 00050000 08:01 12067055                   /tmp/lwjglalex/3.1.2-build-29/liblwjgl.so
7fc904d67000-7fc904d68000 r--s 00012000 08:01 13381277                   /home/alex/apps/game/lwjgl-release-3.1.2-custom/lwjgl-natives-linux.jar
7fc904d68000-7fc904d69000 r--s 00008000 08:01 13381139                   /home/alex/apps/game/lwjgl-release-3.1.2-custom/lwjgl-nanovg-sources.jar
7fc904d69000-7fc904d6a000 r--s 0005d000 08:01 13381137                   /home/alex/apps/game/lwjgl-release-3.1.2-custom/lwjgl-nanovg-natives-windows.jar
7fc904d6a000-7fc904d6b000 r--s 0001d000 08:01 13381142                   /home/alex/apps/game/lwjgl-release-3.1.2-custom/lwjgl-nanovg-natives-macos.jar
7fc904d6b000-7fc904d6c000 r--s 00020000 08:01 13381136                   /home/alex/apps/game/lwjgl-release-3.1.2-custom/lwjgl-nanovg-natives-linux.jar
7fc904d6c000-7fc904d6e000 r--s 0006d000 08:01 13381143                   /home/alex/apps/game/lwjgl-release-3.1.2-custom/lwjgl-nanovg-javadoc.jar
7fc904d6e000-7fc904d70000 r--s 00008000 08:01 13381140                   /home/alex/apps/game/lwjgl-release-3.1.2-custom/lwjgl-nanovg.jar
7fc904d70000-7fc904d71000 r--s 00008000 08:01 13381134                   /home/alex/apps/game/lwjgl-release-3.1.2-custom/lwjgl-lmdb-sources.jar
7fc904d71000-7fc904d72000 r--s 0002c000 08:01 13381135                   /home/alex/apps/game/lwjgl-release-3.1.2-custom/lwjgl-lmdb-natives-windows.jar
7fc904d72000-7fc904d73000 r--s 0000d000 08:01 13381130                   /home/alex/apps/game/lwjgl-release-3.1.2-custom/lwjgl-lmdb-natives-macos.jar
7fc904d73000-7fc904d74000 r--s 0000c000 08:01 13381127                   /home/alex/apps/game/lwjgl-release-3.1.2-custom/lwjgl-lmdb-natives-linux.jar
7fc904d74000-7fc904d76000 r--s 0006b000 08:01 13381124                   /home/alex/apps/game/lwjgl-release-3.1.2-custom/lwjgl-lmdb-javadoc.jar
7fc904d76000-7fc904d78000 r--s 00005000 08:01 13381131                   /home/alex/apps/game/lwjgl-release-3.1.2-custom/lwjgl-lmdb.jar
7fc904d78000-7fc904d7a000 r--s 00005000 08:01 13381122                   /home/alex/apps/game/lwjgl-release-3.1.2-custom/lwjgl-jemalloc-sources.jar
7fc904d7a000-7fc904d7b000 r--s 0002c000 08:01 13381121                   /home/alex/apps/game/lwjgl-release-3.1.2-custom/lwjgl-jemalloc-natives-windows.jar
7fc904d7b000-7fc904d7c000 r--s 00013000 08:01 13381119                   /home/alex/apps/game/lwjgl-release-3.1.2-custom/lwjgl-jemalloc-natives-macos.jar
7fc904d7c000-7fc904d7d000 r--s 0001a000 08:01 13381115                   /home/alex/apps/game/lwjgl-release-3.1.2-custom/lwjgl-jemalloc-natives-linux.jar
7fc904d7d000-7fc904d80000 r--s 0006b000 08:01 13381117                   /home/alex/apps/game/lwjgl-release-3.1.2-custom/lwjgl-jemalloc-javadoc.jar
7fc904d80000-7fc904d82000 r--s 00007000 08:01 13381128                   /home/alex/apps/game/lwjgl-release-3.1.2-custom/lwjgl-jemalloc.jar
7fc904d82000-7fc904d83000 r--s 00004000 08:01 13381111                   /home/alex/apps/game/lwjgl-release-3.1.2-custom/lwjgl-jawt-sources.jar
7fc904d83000-7fc904d85000 r--s 00066000 08:01 13381112                   /home/alex/apps/game/lwjgl-release-3.1.2-custom/lwjgl-jawt-javadoc.jar
7fc904d85000-7fc904d86000 r--s 00005000 08:01 13381116                   /home/alex/apps/game/lwjgl-release-3.1.2-custom/lwjgl-jawt.jar
7fc904d86000-7fc904d8b000 r--s 0010d000 08:01 13381274                   /home/alex/apps/game/lwjgl-release-3.1.2-custom/lwjgl-javadoc.jar
7fc904d8b000-7fc904d8e000 r--s 00012000 08:01 13381106                   /home/alex/apps/game/lwjgl-release-3.1.2-custom/lwjgl-glfw-sources.jar
7fc904d8e000-7fc904d8f000 r--s 00037000 08:01 13381105                   /home/alex/apps/game/lwjgl-release-3.1.2-custom/lwjgl-glfw-natives-windows.jar
7fc904d8f000-7fc904d93000 r--s 00097000 08:01 13381109                   /home/alex/apps/game/lwjgl-release-3.1.2-custom/lwjgl-glfw-javadoc.jar
7fc904d93000-7fc905094000 rw-p 00000000 00:00 0 
7fc905094000-7fc9050aa000 r-xp 00000000 08:01 7997159                    /usr/lib/jvm/java-8-oracle/jre/lib/amd64/libnet.so
7fc9050aa000-7fc9052aa000 ---p 00016000 08:01 7997159                    /usr/lib/jvm/java-8-oracle/jre/lib/amd64/libnet.so
7fc9052aa000-7fc9052ab000 rw-p 00016000 08:01 7997159                    /usr/lib/jvm/java-8-oracle/jre/lib/amd64/libnet.so
7fc9052ab000-7fc9052bc000 r-xp 00000000 08:01 7997162                    /usr/lib/jvm/java-8-oracle/jre/lib/amd64/libnio.so
7fc9052bc000-7fc9054bb000 ---p 00011000 08:01 7997162                    /usr/lib/jvm/java-8-oracle/jre/lib/amd64/libnio.so
7fc9054bb000-7fc9054bc000 rw-p 00010000 08:01 7997162                    /usr/lib/jvm/java-8-oracle/jre/lib/amd64/libnio.so
7fc9054bc000-7fc9054cf000 r--s 00345000 08:01 7996951                    /usr/lib/jvm/java-8-oracle/jre/lib/resources.jar
7fc9054cf000-7fc9054d0000 ---p 00000000 00:00 0 
7fc9054d0000-7fc9055d0000 rw-p 00000000 00:00 0 
7fc9055d0000-7fc9055d3000 ---p 00000000 00:00 0 
7fc9055d3000-7fc9056d1000 rw-p 00000000 00:00 0 
7fc9056d1000-7fc9056d4000 ---p 00000000 00:00 0 
7fc9056d4000-7fc9057d2000 rw-p 00000000 00:00 0 
7fc9057d2000-7fc9057d5000 ---p 00000000 00:00 0 
7fc9057d5000-7fc9058d3000 rw-p 00000000 00:00 0 
7fc9058d3000-7fc9058d6000 ---p 00000000 00:00 0 
7fc9058d6000-7fc9059d4000 rw-p 00000000 00:00 0 
7fc9059d4000-7fc9059d7000 ---p 00000000 00:00 0 
7fc9059d7000-7fc905ad5000 rw-p 00000000 00:00 0 
7fc905ad5000-7fc905dad000 r--p 00000000 08:01 786947                     /usr/lib/locale/locale-archive
7fc905dad000-7fc905db0000 ---p 00000000 00:00 0 
7fc905db0000-7fc905eae000 rw-p 00000000 00:00 0 
7fc905eae000-7fc905eb1000 ---p 00000000 00:00 0 
7fc905eb1000-7fc905faf000 rw-p 00000000 00:00 0 
7fc905faf000-7fc905fb0000 ---p 00000000 00:00 0 
7fc905fb0000-7fc907022000 rw-p 00000000 00:00 0 
7fc907022000-7fc9071fb000 r--s 03d40000 08:01 7996942                    /usr/lib/jvm/java-8-oracle/jre/lib/rt.jar
7fc9071fb000-7fc9076fb000 rw-p 00000000 00:00 0 
7fc9076fb000-7fc9079fb000 ---p 00000000 00:00 0 
7fc9079fb000-7fc90b9aa000 rw-p 00000000 00:00 0 
7fc90b9aa000-7fc90b9ab000 ---p 00000000 00:00 0 
7fc90b9ab000-7fc90baab000 rw-p 00000000 00:00 0 
7fc90baab000-7fc90baac000 ---p 00000000 00:00 0 
7fc90baac000-7fc90bbac000 rw-p 00000000 00:00 0 
7fc90bbac000-7fc90bbad000 ---p 00000000 00:00 0 
7fc90bbad000-7fc90bcad000 rw-p 00000000 00:00 0 
7fc90bcad000-7fc90bcae000 ---p 00000000 00:00 0 
7fc90bcae000-7fc90bdd6000 rw-p 00000000 00:00 0 
7fc90bdd6000-7fc90c02e000 ---p 00000000 00:00 0 
7fc90c02e000-7fc90c056000 rw-p 00000000 00:00 0 
7fc90c056000-7fc90c2ad000 ---p 00000000 00:00 0 
7fc90c2ad000-7fc90c2c2000 rw-p 00000000 00:00 0 
7fc90c2c2000-7fc90c3ed000 ---p 00000000 00:00 0 
7fc90c3ed000-7fc90c3f8000 rw-p 00000000 00:00 0 
7fc90c3f8000-7fc90c7ae000 ---p 00000000 00:00 0 
7fc90c7ae000-7fc90ca1e000 rwxp 00000000 00:00 0 
7fc90ca1e000-7fc91b7ae000 ---p 00000000 00:00 0 
7fc91b7ae000-7fc91b7c8000 r-xp 00000000 08:01 7997155                    /usr/lib/jvm/java-8-oracle/jre/lib/amd64/libzip.so
7fc91b7c8000-7fc91b9c8000 ---p 0001a000 08:01 7997155                    /usr/lib/jvm/java-8-oracle/jre/lib/amd64/libzip.so
7fc91b9c8000-7fc91b9c9000 rw-p 0001a000 08:01 7997155                    /usr/lib/jvm/java-8-oracle/jre/lib/amd64/libzip.so
7fc91b9c9000-7fc91b9d4000 r-xp 00000000 08:01 13111681                   /lib/x86_64-linux-gnu/libnss_files-2.23.so
7fc91b9d4000-7fc91bbd3000 ---p 0000b000 08:01 13111681                   /lib/x86_64-linux-gnu/libnss_files-2.23.so
7fc91bbd3000-7fc91bbd4000 r--p 0000a000 08:01 13111681                   /lib/x86_64-linux-gnu/libnss_files-2.23.so
7fc91bbd4000-7fc91bbd5000 rw-p 0000b000 08:01 13111681                   /lib/x86_64-linux-gnu/libnss_files-2.23.so
7fc91bbd5000-7fc91bbdb000 rw-p 00000000 00:00 0 
7fc91bbdb000-7fc91bbe6000 r-xp 00000000 08:01 13112089                   /lib/x86_64-linux-gnu/libnss_nis-2.23.so
7fc91bbe6000-7fc91bde5000 ---p 0000b000 08:01 13112089                   /lib/x86_64-linux-gnu/libnss_nis-2.23.so
7fc91bde5000-7fc91bde6000 r--p 0000a000 08:01 13112089                   /lib/x86_64-linux-gnu/libnss_nis-2.23.so
7fc91bde6000-7fc91bde7000 rw-p 0000b000 08:01 13112089                   /lib/x86_64-linux-gnu/libnss_nis-2.23.so
7fc91bde7000-7fc91bdfd000 r-xp 00000000 08:01 13108496                   /lib/x86_64-linux-gnu/libnsl-2.23.so
7fc91bdfd000-7fc91bffc000 ---p 00016000 08:01 13108496                   /lib/x86_64-linux-gnu/libnsl-2.23.so
7fc91bffc000-7fc91bffd000 r--p 00015000 08:01 13108496                   /lib/x86_64-linux-gnu/libnsl-2.23.so
7fc91bffd000-7fc91bffe000 rw-p 00016000 08:01 13108496                   /lib/x86_64-linux-gnu/libnsl-2.23.so
7fc91bffe000-7fc91c000000 rw-p 00000000 00:00 0 
7fc91c000000-7fc91c5a6000 rw-p 00000000 00:00 0 
7fc91c5a6000-7fc920000000 ---p 00000000 00:00 0 
7fc920000000-7fc920003000 r--s 00015000 08:01 13381110                   /home/alex/apps/game/lwjgl-release-3.1.2-custom/lwjgl-glfw.jar
7fc920003000-7fc920006000 r--s 0001f000 08:01 13381098                   /home/alex/apps/game/lwjgl-release-3.1.2-custom/lwjgl-egl-sources.jar
7fc920006000-7fc92000b000 r--s 000c1000 08:01 13381104                   /home/alex/apps/game/lwjgl-release-3.1.2-custom/lwjgl-egl-javadoc.jar
7fc92000b000-7fc9200f1000 rw-p 00000000 00:00 0 
7fc9200f1000-7fc9200f9000 r-xp 00000000 08:01 13112095                   /lib/x86_64-linux-gnu/libnss_compat-2.23.so
7fc9200f9000-7fc9202f8000 ---p 00008000 08:01 13112095                   /lib/x86_64-linux-gnu/libnss_compat-2.23.so
7fc9202f8000-7fc9202f9000 r--p 00007000 08:01 13112095                   /lib/x86_64-linux-gnu/libnss_compat-2.23.so
7fc9202f9000-7fc9202fa000 rw-p 00008000 08:01 13112095                   /lib/x86_64-linux-gnu/libnss_compat-2.23.so
7fc9202fa000-7fc920325000 r-xp 00000000 08:01 7997149                    /usr/lib/jvm/java-8-oracle/jre/lib/amd64/libjava.so
7fc920325000-7fc920524000 ---p 0002b000 08:01 7997149                    /usr/lib/jvm/java-8-oracle/jre/lib/amd64/libjava.so
7fc920524000-7fc920526000 rw-p 0002a000 08:01 7997149                    /usr/lib/jvm/java-8-oracle/jre/lib/amd64/libjava.so
7fc920526000-7fc920533000 r-xp 00000000 08:01 7997154                    /usr/lib/jvm/java-8-oracle/jre/lib/amd64/libverify.so
7fc920533000-7fc920732000 ---p 0000d000 08:01 7997154                    /usr/lib/jvm/java-8-oracle/jre/lib/amd64/libverify.so
7fc920732000-7fc920734000 rw-p 0000c000 08:01 7997154                    /usr/lib/jvm/java-8-oracle/jre/lib/amd64/libverify.so
7fc920734000-7fc92073b000 r-xp 00000000 08:01 13112091                   /lib/x86_64-linux-gnu/librt-2.23.so
7fc92073b000-7fc92093a000 ---p 00007000 08:01 13112091                   /lib/x86_64-linux-gnu/librt-2.23.so
7fc92093a000-7fc92093b000 r--p 00006000 08:01 13112091                   /lib/x86_64-linux-gnu/librt-2.23.so
7fc92093b000-7fc92093c000 rw-p 00007000 08:01 13112091                   /lib/x86_64-linux-gnu/librt-2.23.so
7fc92093c000-7fc920a44000 r-xp 00000000 08:01 13112100                   /lib/x86_64-linux-gnu/libm-2.23.so
7fc920a44000-7fc920c43000 ---p 00108000 08:01 13112100                   /lib/x86_64-linux-gnu/libm-2.23.so
7fc920c43000-7fc920c44000 r--p 00107000 08:01 13112100                   /lib/x86_64-linux-gnu/libm-2.23.so
7fc920c44000-7fc920c45000 rw-p 00108000 08:01 13112100                   /lib/x86_64-linux-gnu/libm-2.23.so
7fc920c45000-7fc921914000 r-xp 00000000 08:01 7997132                    /usr/lib/jvm/java-8-oracle/jre/lib/amd64/server/libjvm.so
7fc921914000-7fc921b14000 ---p 00ccf000 08:01 7997132                    /usr/lib/jvm/java-8-oracle/jre/lib/amd64/server/libjvm.so
7fc921b14000-7fc921bed000 rw-p 00ccf000 08:01 7997132                    /usr/lib/jvm/java-8-oracle/jre/lib/amd64/server/libjvm.so
7fc921bed000-7fc921c38000 rw-p 00000000 00:00 0 
7fc921c38000-7fc921df8000 r-xp 00000000 08:01 13112105                   /lib/x86_64-linux-gnu/libc-2.23.so
7fc921df8000-7fc921ff8000 ---p 001c0000 08:01 13112105                   /lib/x86_64-linux-gnu/libc-2.23.so
7fc921ff8000-7fc921ffc000 r--p 001c0000 08:01 13112105                   /lib/x86_64-linux-gnu/libc-2.23.so
7fc921ffc000-7fc921ffe000 rw-p 001c4000 08:01 13112105                   /lib/x86_64-linux-gnu/libc-2.23.so
7fc921ffe000-7fc922002000 rw-p 00000000 00:00 0 
7fc922002000-7fc922005000 r-xp 00000000 08:01 13112094                   /lib/x86_64-linux-gnu/libdl-2.23.so
7fc922005000-7fc922204000 ---p 00003000 08:01 13112094                   /lib/x86_64-linux-gnu/libdl-2.23.so
7fc922204000-7fc922205000 r--p 00002000 08:01 13112094                   /lib/x86_64-linux-gnu/libdl-2.23.so
7fc922205000-7fc922206000 rw-p 00003000 08:01 13112094                   /lib/x86_64-linux-gnu/libdl-2.23.so
7fc922206000-7fc92221b000 r-xp 00000000 08:01 7996766                    /usr/lib/jvm/java-8-oracle/lib/amd64/jli/libjli.so
7fc92221b000-7fc92241b000 ---p 00015000 08:01 7996766                    /usr/lib/jvm/java-8-oracle/lib/amd64/jli/libjli.so
7fc92241b000-7fc92241c000 rw-p 00015000 08:01 7996766                    /usr/lib/jvm/java-8-oracle/lib/amd64/jli/libjli.so
7fc92241c000-7fc922434000 r-xp 00000000 08:01 13111728                   /lib/x86_64-linux-gnu/libpthread-2.23.so
7fc922434000-7fc922633000 ---p 00018000 08:01 13111728                   /lib/x86_64-linux-gnu/libpthread-2.23.so
7fc922633000-7fc922634000 r--p 00017000 08:01 13111728                   /lib/x86_64-linux-gnu/libpthread-2.23.so
7fc922634000-7fc922635000 rw-p 00018000 08:01 13111728                   /lib/x86_64-linux-gnu/libpthread-2.23.so
7fc922635000-7fc922639000 rw-p 00000000 00:00 0 
7fc922639000-7fc92265f000 r-xp 00000000 08:01 13108497                   /lib/x86_64-linux-gnu/ld-2.23.so
7fc92265f000-7fc922660000 r--s 0000a000 08:01 13381108                   /home/alex/apps/game/lwjgl-release-3.1.2-custom/lwjgl-glfw-natives-macos.jar
7fc922660000-7fc922661000 r--s 0000e000 08:01 13381102                   /home/alex/apps/game/lwjgl-release-3.1.2-custom/lwjgl-glfw-natives-linux.jar
7fc922661000-7fc922665000 r--s 0001b000 08:01 13381103                   /home/alex/apps/game/lwjgl-release-3.1.2-custom/lwjgl-egl.jar
7fc922665000-7fc922667000 r--s 00018000 08:01 13381094                   /home/alex/apps/game/lwjgl-release-3.1.2-custom/lwjgl-bgfx-sources.jar
7fc922667000-7fc922731000 rw-p 00000000 00:00 0 
7fc922731000-7fc922734000 ---p 00000000 00:00 0 
7fc922734000-7fc922836000 rw-p 00000000 00:00 0 
7fc922836000-7fc922837000 r--s 0009b000 08:01 13381092                   /home/alex/apps/game/lwjgl-release-3.1.2-custom/lwjgl-bgfx-natives-windows.jar
7fc922837000-7fc922838000 r--s 00039000 08:01 13381089                   /home/alex/apps/game/lwjgl-release-3.1.2-custom/lwjgl-bgfx-natives-macos.jar
7fc922838000-7fc92283a000 r--s 00046000 08:01 13381087                   /home/alex/apps/game/lwjgl-release-3.1.2-custom/lwjgl-bgfx-natives-linux.jar
7fc92283a000-7fc92283e000 r--s 000ac000 08:01 13381091                   /home/alex/apps/game/lwjgl-release-3.1.2-custom/lwjgl-bgfx-javadoc.jar
7fc92283e000-7fc922841000 r--s 0001f000 08:01 13381095                   /home/alex/apps/game/lwjgl-release-3.1.2-custom/lwjgl-bgfx.jar
7fc922841000-7fc922843000 r--s 00026000 08:01 13381081                   /home/alex/apps/game/lwjgl-release-3.1.2-custom/lwjgl-assimp-sources.jar
7fc922843000-7fc922844000 r--s 0037b000 08:01 13381099                   /home/alex/apps/game/lwjgl-release-3.1.2-custom/lwjgl-assimp-natives-windows.jar
7fc922844000-7fc922845000 r--s 00212000 08:01 13381097                   /home/alex/apps/game/lwjgl-release-3.1.2-custom/lwjgl-assimp-natives-macos.jar
7fc922845000-7fc922846000 r--s 002ad000 08:01 13381073                   /home/alex/apps/game/lwjgl-release-3.1.2-custom/lwjgl-assimp-natives-linux.jar
7fc922846000-7fc92284a000 r--s 000d4000 08:01 13381086                   /home/alex/apps/game/lwjgl-release-3.1.2-custom/lwjgl-assimp-javadoc.jar
7fc92284a000-7fc92284d000 r--s 0002a000 08:01 13381085                   /home/alex/apps/game/lwjgl-release-3.1.2-custom/lwjgl-assimp.jar
7fc92284d000-7fc922852000 r--s 0003e000 08:01 13381281                   /home/alex/apps/game/lwjgl-release-3.1.2-custom/lwjgl.jar
7fc922852000-7fc92285a000 rw-s 00000000 08:01 11796574                   /tmp/hsperfdata_alex/12735
7fc92285a000-7fc92285b000 rw-p 00000000 00:00 0 
7fc92285b000-7fc92285c000 r--p 00000000 00:00 0 
7fc92285c000-7fc92285e000 rw-p 00000000 00:00 0 
7fc92285e000-7fc92285f000 r--p 00025000 08:01 13108497                   /lib/x86_64-linux-gnu/ld-2.23.so
7fc92285f000-7fc922860000 rw-p 00026000 08:01 13108497                   /lib/x86_64-linux-gnu/ld-2.23.so
7fc922860000-7fc922861000 rw-p 00000000 00:00 0 
7ffc4f828000-7ffc4f84c000 rw-p 00000000 00:00 0                          [stack]
7ffc4f8e0000-7ffc4f8e2000 r--p 00000000 00:00 0                          [vvar]
7ffc4f8e2000-7ffc4f8e4000 r-xp 00000000 00:00 0                          [vdso]
ffffffffff600000-ffffffffff601000 r-xp 00000000 00:00 0                  [vsyscall]

VM Arguments:
jvm_args: -Dfile.encoding=UTF-8 
java_command: com.alexdovzhanyn.game.Main
java_class_path (initial): /home/alex/apps/game/bin:/home/alex/apps/game/lwjgl-release-3.1.2-custom/lwjgl.jar:/home/alex/apps/game/lwjgl-release-3.1.2-custom/lwjgl-assimp.jar:/home/alex/apps/game/lwjgl-release-3.1.2-custom/lwjgl-assimp-javadoc.jar:/home/alex/apps/game/lwjgl-release-3.1.2-custom/lwjgl-assimp-natives-linux.jar:/home/alex/apps/game/lwjgl-release-3.1.2-custom/lwjgl-assimp-natives-macos.jar:/home/alex/apps/game/lwjgl-release-3.1.2-custom/lwjgl-assimp-natives-windows.jar:/home/alex/apps/game/lwjgl-release-3.1.2-custom/lwjgl-assimp-sources.jar:/home/alex/apps/game/lwjgl-release-3.1.2-custom/lwjgl-bgfx.jar:/home/alex/apps/game/lwjgl-release-3.1.2-custom/lwjgl-bgfx-javadoc.jar:/home/alex/apps/game/lwjgl-release-3.1.2-custom/lwjgl-bgfx-natives-linux.jar:/home/alex/apps/game/lwjgl-release-3.1.2-custom/lwjgl-bgfx-natives-macos.jar:/home/alex/apps/game/lwjgl-release-3.1.2-custom/lwjgl-bgfx-natives-windows.jar:/home/alex/apps/game/lwjgl-release-3.1.2-custom/lwjgl-bgfx-sources.jar:/home/alex/apps/game/lwjgl-release-3.1.2-custom/lwjgl-egl.jar:/home/alex/apps/game/lwjgl-release-3.1.2-custom/lwjgl-egl-javadoc.jar:/home/alex/apps/game/lwjgl-release-3.1.2-custom/lwjgl-egl-sources.jar:/home/alex/apps/game/lwjgl-release-3.1.2-custom/lwjgl-glfw.jar:/home/alex/apps/game/lwjgl-release-3.1.2-custom/lwjgl-glfw-javadoc.jar:/home/alex/apps/game/lwjgl-release-3.1.2-custom/lwjgl-glfw-natives-linux.jar:/home/alex/apps/game/lwjgl-release-3.1.2-custom/lwjgl-glfw-natives-macos.jar:/home/alex/apps/game/lwjgl-release-3.1.2-custom/lwjgl-glfw-natives-windows.jar:/home/alex/apps/game/lwjgl-release-3.1.2-custom/lwjgl-glfw-sources.jar:/home/alex/apps/game/lwjgl-release-3.1.2-custom/lwjgl-javadoc.jar:/home/alex/apps/game/lwjgl-release-3.1.2-custom/lwjgl-jawt.jar:/home/alex/apps/game/lwjgl-release-3.1.2-custom/lwjgl-jawt-javadoc.jar:/home/alex/apps/game/lwjgl-release-3.1.2-custom/lwjgl-jawt-sources.jar:/home/alex/apps/game/lwjgl-release-3.1.2-custom/lwjgl-jemalloc.jar:/home/alex/apps/game/l
Launcher Type: SUN_STANDARD

Environment Variables:
JAVA_HOME=/usr/lib/jvm/java-8-openjdk-amd64
PATH=/home/alex/.nvm/versions/node/v5.0.0/bin:/home/alex/.rvm/gems/ruby-2.2.2/bin:/home/alex/.rvm/gems/ruby-2.2.2@global/bin:/home/alex/.rvm/rubies/ruby-2.2.2/bin:/usr/local/heroku/bin:/home/alex/.sdkman/candidates/gradle/current/bin:/usr/local/sbin:/usr/local/bin:/usr/sbin:/usr/bin:/sbin:/bin:/usr/games:/usr/local/games:/snap/bin:/home/alex/.rvm/bin:/home/alex/.rvm/bin:/home/alex/redis/redis-3.2.1/src
SHELL=/bin/bash
DISPLAY=:0

Signal Handlers:
SIGSEGV: [libjvm.so+0xac8af0], sa_mask[0]=11111111011111111101111111111110, sa_flags=SA_RESTART|SA_SIGINFO
SIGBUS: [libjvm.so+0xac8af0], sa_mask[0]=11111111011111111101111111111110, sa_flags=SA_RESTART|SA_SIGINFO
SIGFPE: [libjvm.so+0x921dd0], sa_mask[0]=11111111011111111101111111111110, sa_flags=SA_RESTART|SA_SIGINFO
SIGPIPE: [libjvm.so+0x921dd0], sa_mask[0]=11111111011111111101111111111110, sa_flags=SA_RESTART|SA_SIGINFO
SIGXFSZ: [libjvm.so+0x921dd0], sa_mask[0]=11111111011111111101111111111110, sa_flags=SA_RESTART|SA_SIGINFO
SIGILL: [libjvm.so+0x921dd0], sa_mask[0]=11111111011111111101111111111110, sa_flags=SA_RESTART|SA_SIGINFO
SIGUSR1: SIG_DFL, sa_mask[0]=00000000000000000000000000000000, sa_flags=none
SIGUSR2: [libjvm.so+0x923610], sa_mask[0]=00100000000000000000000000000000, sa_flags=SA_RESTART|SA_SIGINFO
SIGHUP: [libjvm.so+0x924a10], sa_mask[0]=11111111011111111101111111111110, sa_flags=SA_RESTART|SA_SIGINFO
SIGINT: [libjvm.so+0x924a10], sa_mask[0]=11111111011111111101111111111110, sa_flags=SA_RESTART|SA_SIGINFO
SIGTERM: [libjvm.so+0x924a10], sa_mask[0]=11111111011111111101111111111110, sa_flags=SA_RESTART|SA_SIGINFO
SIGQUIT: [libjvm.so+0x924a10], sa_mask[0]=11111111011111111101111111111110, sa_flags=SA_RESTART|SA_SIGINFO


---------------  S Y S T E M  ---------------

OS:DISTRIB_ID=Ubuntu
DISTRIB_RELEASE=16.04
DISTRIB_CODENAME=xenial
DISTRIB_DESCRIPTION="Ubuntu 16.04.2 LTS"

uname:Linux 4.4.0-64-generic #85-Ubuntu SMP Mon Feb 20 11:50:30 UTC 2017 x86_64
libc:glibc 2.23 NPTL 2.23 
rlimit: STACK 8192k, CORE 0k, NPROC 30508, NOFILE 65536, AS infinity
load average:0.70 0.87 1.04

/proc/meminfo:
MemTotal:        7850716 kB
MemFree:          145804 kB
MemAvailable:    2557632 kB
Buffers:          234752 kB
Cached:          3207708 kB
SwapCached:        84656 kB
Active:          5130492 kB
Inactive:        2074056 kB
Active(anon):    3736516 kB
Inactive(anon):  1036924 kB
Active(file):    1393976 kB
Inactive(file):  1037132 kB
Unevictable:          80 kB
Mlocked:              80 kB
SwapTotal:       8057852 kB
SwapFree:        6224968 kB
Dirty:               500 kB
Writeback:             0 kB
AnonPages:       3740664 kB
Mapped:          1056712 kB
Shmem:           1010848 kB
Slab:             339972 kB
SReclaimable:     284544 kB
SUnreclaim:        55428 kB
KernelStack:       15120 kB
PageTables:        74156 kB
NFS_Unstable:          0 kB
Bounce:                0 kB
WritebackTmp:          0 kB
CommitLimit:    11983208 kB
Committed_AS:   14304828 kB
VmallocTotal:   34359738367 kB
VmallocUsed:           0 kB
VmallocChunk:          0 kB
HardwareCorrupted:     0 kB
AnonHugePages:   1402880 kB
CmaTotal:              0 kB
CmaFree:               0 kB
HugePages_Total:       0
HugePages_Free:        0
HugePages_Rsvd:        0
HugePages_Surp:        0
Hugepagesize:       2048 kB
DirectMap4k:      575236 kB
DirectMap2M:     7485440 kB


CPU:total 4 (initial active 4) (2 cores per cpu, 2 threads per core) family 6 model 58 stepping 9, cmov, cx8, fxsr, mmx, sse, sse2, sse3, ssse3, sse4.1, sse4.2, popcnt, avx, aes, clmul, erms, ht, tsc, tscinvbit, tscinv

/proc/cpuinfo:
processor	: 0
vendor_id	: GenuineIntel
cpu family	: 6
model		: 58
model name	: Intel(R) Core(TM) i7-3667U CPU @ 2.00GHz
stepping	: 9
microcode	: 0x1c
cpu MHz		: 2983.105
cache size	: 4096 KB
physical id	: 0
siblings	: 4
core id		: 0
cpu cores	: 2
apicid		: 0
initial apicid	: 0
fpu		: yes
fpu_exception	: yes
cpuid level	: 13
wp		: yes
flags		: fpu vme de pse tsc msr pae mce cx8 apic sep mtrr pge mca cmov pat pse36 clflush dts acpi mmx fxsr sse sse2 ss ht tm pbe syscall nx rdtscp lm constant_tsc arch_perfmon pebs bts rep_good nopl xtopology nonstop_tsc aperfmperf eagerfpu pni pclmulqdq dtes64 monitor ds_cpl vmx smx est tm2 ssse3 cx16 xtpr pdcm pcid sse4_1 sse4_2 x2apic popcnt tsc_deadline_timer aes xsave avx f16c rdrand lahf_lm epb tpr_shadow vnmi flexpriority ept vpid fsgsbase smep erms xsaveopt dtherm ida arat pln pts
bugs		:
bogomips	: 4988.52
clflush size	: 64
cache_alignment	: 64
address sizes	: 36 bits physical, 48 bits virtual
power management:

processor	: 1
vendor_id	: GenuineIntel
cpu family	: 6
model		: 58
model name	: Intel(R) Core(TM) i7-3667U CPU @ 2.00GHz
stepping	: 9
microcode	: 0x1c
cpu MHz		: 2999.902
cache size	: 4096 KB
physical id	: 0
siblings	: 4
core id		: 0
cpu cores	: 2
apicid		: 1
initial apicid	: 1
fpu		: yes
fpu_exception	: yes
cpuid level	: 13
wp		: yes
flags		: fpu vme de pse tsc msr pae mce cx8 apic sep mtrr pge mca cmov pat pse36 clflush dts acpi mmx fxsr sse sse2 ss ht tm pbe syscall nx rdtscp lm constant_tsc arch_perfmon pebs bts rep_good nopl xtopology nonstop_tsc aperfmperf eagerfpu pni pclmulqdq dtes64 monitor ds_cpl vmx smx est tm2 ssse3 cx16 xtpr pdcm pcid sse4_1 sse4_2 x2apic popcnt tsc_deadline_timer aes xsave avx f16c rdrand lahf_lm epb tpr_shadow vnmi flexpriority ept vpid fsgsbase smep erms xsaveopt dtherm ida arat pln pts
bugs		:
bogomips	: 4988.52
clflush size	: 64
cache_alignment	: 64
address sizes	: 36 bits physical, 48 bits virtual
power management:

processor	: 2
vendor_id	: GenuineIntel
cpu family	: 6
model		: 58
model name	: Intel(R) Core(TM) i7-3667U CPU @ 2.00GHz
stepping	: 9
microcode	: 0x1c
cpu MHz		: 3000.781
cache size	: 4096 KB
physical id	: 0
siblings	: 4
core id		: 1
cpu cores	: 2
apicid		: 2
initial apicid	: 2
fpu		: yes
fpu_exception	: yes
cpuid level	: 13
wp		: yes
flags		: fpu vme de pse tsc msr pae mce cx8 apic sep mtrr pge mca cmov pat pse36 clflush dts acpi mmx fxsr sse sse2 ss ht tm pbe syscall nx rdtscp lm constant_tsc arch_perfmon pebs bts rep_good nopl xtopology nonstop_tsc aperfmperf eagerfpu pni pclmulqdq dtes64 monitor ds_cpl vmx smx est tm2 ssse3 cx16 xtpr pdcm pcid sse4_1 sse4_2 x2apic popcnt tsc_deadline_timer aes xsave avx f16c rdrand lahf_lm epb tpr_shadow vnmi flexpriority ept vpid fsgsbase smep erms xsaveopt dtherm ida arat pln pts
bugs		:
bogomips	: 4988.52
clflush size	: 64
cache_alignment	: 64
address sizes	: 36 bits physical, 48 bits virtual
power management:

processor	: 3
vendor_id	: GenuineIntel
cpu family	: 6
model		: 58
model name	: Intel(R) Core(TM) i7-3667U CPU @ 2.00GHz
stepping	: 9
microcode	: 0x1c
cpu MHz		: 3004.980
cache size	: 4096 KB
physical id	: 0
siblings	: 4
core id		: 1
cpu cores	: 2
apicid		: 3
initial apicid	: 3
fpu		: yes
fpu_exception	: yes
cpuid level	: 13
wp		: yes
flags		: fpu vme de pse tsc msr pae mce cx8 apic sep mtrr pge mca cmov pat pse36 clflush dts acpi mmx fxsr sse sse2 ss ht tm pbe syscall nx rdtscp lm constant_tsc arch_perfmon pebs bts rep_good nopl xtopology nonstop_tsc aperfmperf eagerfpu pni pclmulqdq dtes64 monitor ds_cpl vmx smx est tm2 ssse3 cx16 xtpr pdcm pcid sse4_1 sse4_2 x2apic popcnt tsc_deadline_timer aes xsave avx f16c rdrand lahf_lm epb tpr_shadow vnmi flexpriority ept vpid fsgsbase smep erms xsaveopt dtherm ida arat pln pts
bugs		:
bogomips	: 4988.52
clflush size	: 64
cache_alignment	: 64
address sizes	: 36 bits physical, 48 bits virtual
power management:



Memory: 4k page, physical 7850716k(145804k free), swap 8057852k(6224968k free)

vm_info: Java HotSpot(TM) 64-Bit Server VM (25.131-b11) for linux-amd64 JRE (1.8.0_131-b11), built on Mar 15 2017 01:23:40 by "java_re" with gcc 4.3.0 20080428 (Red Hat 4.3.0-8)

time: Sat Jun 24 23:31:17 2017
elapsed time: 0 seconds (0d 0h 0m 0s)

